2023-05-11 17:29 - INFO - cli : 40 - Summarizing job ... 

       Input files:
              probing: ./datafiles/combined.shape
              fasta: ./datafiles/combined.fa

       Configuration parameters:
              log: False
              training: True
              scoring: False
              k: auto
              DOM: True

       Using 2 parallel processes

2023-05-11 17:29 - DEBUG - cli : 41 - Summarizing configuration:
=========================================================
Running patteRNA with the following parameters:
=========================================================
Input files:
	probing: ./datafiles/combined.shape
	fasta: ./datafiles/combined.fa

Configuration parameters:
	output: combmodel
	verbose: True
	log: False
	no_vienna: True
	GMM: False
	k: -1
	KL_div: 0.001
	epsilon: 0.01
	maxiter: 250
	n_tasks: 2
	motif: None
	path: None
	hairpins: False
	posteriors: False
	viterbi: False
	HDSL: False
	SPP: False
	nan: False
	print_nan: False
	no_prompt: False
	min_cscores: 1000
	no_cscores: False
	batch_size: 100
	context: 40
	training: True
	scoring: False
	reference: False
	hdsl_params: (1.2, 0.5)
=========================================================
2023-05-11 17:29 - INFO - cli : 50 - Loading input data
2023-05-11 17:29 - INFO - cli : 66 -  ... done in 00:00:00
2023-05-11 17:29 - INFO - cli : 104 - Spawning training set
2023-05-11 17:29 - INFO - Dataset : 102 -  ... sorting
2023-05-11 17:29 - INFO - Dataset : 105 -  ... selecting
2023-05-11 17:29 - INFO - cli : 107 -  ... done in 00:00:00
2023-05-11 17:29 - INFO - cli : 109 - Training set summary: 
       Passed QC                  2
       Used transcripts           2
       # Data points (in DOM)     1402
       KL div                     0
2023-05-11 17:29 - INFO - TrainingManager : 104 - Training with k=6
2023-05-11 17:29 - DEBUG - TrainingManager : 113 - (k=6) EM iteration #1
2023-05-11 17:29 - DEBUG - TrainingManager : 133 - Current model parameters
pi:
[0.5 0.5]
A:
[[0.71 0.29]
 [0.29 0.71]]
chi:
[[0.12978886 0.0539376  0.05924778 0.06626565 0.07968124 0.08677267
  0.09237609 0.3319301  0.1       ]
 [0.31997007 0.10119249 0.08954167 0.07875482 0.07313091 0.06354914
  0.05416367 0.11969724 0.1       ]]

2023-05-11 17:29 - DEBUG - TrainingManager : 134 - 0: logL = -3445.3
2023-05-11 17:29 - DEBUG - TrainingManager : 113 - (k=6) EM iteration #2
2023-05-11 17:29 - DEBUG - TrainingManager : 133 - Current model parameters
pi:
[0.5 0.5]
A:
[[0.73 0.27]
 [0.26 0.74]]
chi:
[[0.1064849  0.047222   0.0532879  0.06230202 0.07883717 0.08771088
  0.09451525 0.36963988 0.1       ]
 [0.34075773 0.10725639 0.09503643 0.0824836  0.07401455 0.06286364
  0.05245735 0.08513031 0.1       ]]

2023-05-11 17:29 - DEBUG - TrainingManager : 134 - 1: logL = -3226.9
2023-05-11 17:29 - DEBUG - TrainingManager : 113 - (k=6) EM iteration #3
2023-05-11 17:29 - DEBUG - TrainingManager : 133 - Current model parameters
pi:
[0.5 0.5]
A:
[[0.75 0.25]
 [0.23 0.77]]
chi:
[[0.08293937 0.03938514 0.0462434  0.05718138 0.07738405 0.08862572
  0.09716199 0.41107895 0.1       ]
 [0.35724969 0.11315335 0.10061482 0.08676959 0.0754706  0.06258073
  0.05096089 0.05320032 0.1       ]]

2023-05-11 17:29 - DEBUG - TrainingManager : 134 - 2: logL = -3203.5
2023-05-11 17:29 - DEBUG - TrainingManager : 113 - (k=6) EM iteration #4
2023-05-11 17:29 - DEBUG - TrainingManager : 133 - Current model parameters
pi:
[0.5 0.5]
A:
[[0.77 0.23]
 [0.2  0.8 ]]
chi:
[[0.06265728 0.03135475 0.03894524 0.05114635 0.07478387 0.0888754
  0.09973656 0.45250055 0.1       ]
 [0.36484581 0.11740575 0.10493218 0.09088898 0.07776928 0.06329713
  0.05040327 0.0304576  0.1       ]]

2023-05-11 17:29 - DEBUG - TrainingManager : 134 - 3: logL = -3175.5
2023-05-11 17:29 - DEBUG - TrainingManager : 113 - (k=6) EM iteration #5
2023-05-11 17:29 - DEBUG - TrainingManager : 133 - Current model parameters
pi:
[0.5 0.5]
A:
[[0.78 0.22]
 [0.17 0.83]]
chi:
[[0.04772254 0.02429188 0.03246208 0.04495657 0.07049011 0.08757076
  0.10112273 0.49138333 0.1       ]
 [0.36399679 0.11935819 0.10726262 0.09407686 0.08099842 0.06537479
  0.0513633  0.01756904 0.1       ]]

2023-05-11 17:29 - DEBUG - TrainingManager : 134 - 4: logL = -3151.3
2023-05-11 17:29 - DEBUG - TrainingManager : 113 - (k=6) EM iteration #6
2023-05-11 17:29 - DEBUG - TrainingManager : 133 - Current model parameters
pi:
[0.5 0.5]
A:
[[0.79 0.21]
 [0.15 0.85]]
chi:
[[0.03764367 0.01876028 0.02724708 0.03946073 0.06473009 0.08455995
  0.10064065 0.52695755 0.1       ]
 [0.3586432  0.11952642 0.10800776 0.09603754 0.08467446 0.0683918
  0.0536745  0.01104433 0.1       ]]

2023-05-11 17:29 - DEBUG - TrainingManager : 134 - 5: logL = -3135.5
2023-05-11 17:29 - DEBUG - TrainingManager : 113 - (k=6) EM iteration #7
2023-05-11 17:29 - DEBUG - TrainingManager : 133 - Current model parameters
pi:
[0.5 0.5]
A:
[[0.78 0.22]
 [0.14 0.86]]
chi:
[[0.03079426 0.01459509 0.02304432 0.03498022 0.05838959 0.08054615
  0.09851216 0.55913821 0.1       ]
 [0.35213751 0.11879787 0.10798744 0.09702483 0.08812633 0.07156107
  0.0566673  0.00769765 0.1       ]]

2023-05-11 17:29 - DEBUG - TrainingManager : 134 - 6: logL = -3126.4
2023-05-11 17:29 - DEBUG - TrainingManager : 113 - (k=6) EM iteration #8
2023-05-11 17:29 - DEBUG - TrainingManager : 133 - Current model parameters
pi:
[0.5 0.5]
A:
[[0.78 0.22]
 [0.14 0.86]]
chi:
[[0.02585773 0.01140605 0.01948742 0.03140622 0.05229035 0.07633765
  0.09543407 0.5877805  0.1       ]
 [0.34611165 0.11780566 0.10775833 0.0974485  0.09098563 0.07436173
  0.05970529 0.00582321 0.1       ]]

2023-05-11 17:29 - DEBUG - TrainingManager : 134 - 7: logL = -3120.7
2023-05-11 17:29 - DEBUG - TrainingManager : 113 - (k=6) EM iteration #9
2023-05-11 17:29 - DEBUG - TrainingManager : 133 - Current model parameters
pi:
[0.5 0.5]
A:
[[0.77 0.23]
 [0.13 0.87]]
chi:
[[0.0220884  0.00889817 0.01639074 0.02852003 0.04685742 0.0724294
  0.09208107 0.61273476 0.1       ]
 [0.34107975 0.11684904 0.10754346 0.09761203 0.09321276 0.07663211
  0.06241602 0.00465483 0.1       ]]

2023-05-11 17:29 - DEBUG - TrainingManager : 134 - 8: logL = -3116.7
2023-05-11 17:29 - DEBUG - TrainingManager : 113 - (k=6) EM iteration #10
2023-05-11 17:29 - DEBUG - TrainingManager : 133 - Current model parameters
pi:
[0.5 0.5]
A:
[[0.76 0.24]
 [0.13 0.87]]
chi:
[[0.01910217 0.0069066  0.01369978 0.02613689 0.04220139 0.06903696
  0.08890418 0.63401204 0.1       ]
 [0.33706917 0.1160234  0.10739323 0.09768426 0.09491786 0.07839628
  0.06466101 0.00385479 0.1       ]]

2023-05-11 17:29 - DEBUG - TrainingManager : 134 - 9: logL = -3113.9
2023-05-11 17:29 - DEBUG - TrainingManager : 113 - (k=6) EM iteration #11
2023-05-11 17:29 - DEBUG - TrainingManager : 133 - Current model parameters
pi:
[0.5 0.5]
A:
[[0.75 0.25]
 [0.13 0.87]]
chi:
[[0.01668743 0.00533435 0.01139869 0.02412908 0.03827835 0.0662142
  0.08613058 0.65182731 0.1       ]
 [0.33394313 0.11533778 0.10729967 0.0977433  0.09623363 0.0797369
  0.06643924 0.00326636 0.1       ]]

2023-05-11 17:29 - DEBUG - TrainingManager : 134 - 10: logL = -3111.8
2023-05-11 17:29 - DEBUG - TrainingManager : 113 - (k=6) EM iteration #12
2023-05-11 17:29 - DEBUG - TrainingManager : 133 - Current model parameters
pi:
[0.5 0.5]
A:
[[0.75 0.25]
 [0.13 0.87]]
chi:
[[0.01471032 0.00410653 0.00946631 0.02241312 0.03499245 0.06393107
  0.08382966 0.66655053 0.1       ]
 [0.33153103 0.11477489 0.10724364 0.09781761 0.09726792 0.08074296
  0.06781118 0.00281077 0.1       ]]

2023-05-11 17:29 - DEBUG - TrainingManager : 134 - 11: logL = -3110.2
2023-05-11 17:29 - DEBUG - TrainingManager : 113 - (k=6) EM iteration #13
2023-05-11 17:29 - DEBUG - TrainingManager : 133 - Current model parameters
pi:
[0.5 0.5]
A:
[[0.74 0.26]
 [0.13 0.87]]
chi:
[[0.01307591 0.00315622 0.0078671  0.02093342 0.03224252 0.0621192
  0.08198134 0.67862429 0.1       ]
 [0.32967568 0.11431334 0.10720932 0.0979123  0.09809733 0.08149271
  0.06885438 0.00244494 0.1       ]]

2023-05-11 17:29 - DEBUG - TrainingManager : 134 - 12: logL = -3109.1
2023-05-11 17:29 - DEBUG - TrainingManager : 113 - (k=6) EM iteration #14
2023-05-11 17:29 - DEBUG - TrainingManager : 133 - Current model parameters
pi:
[0.5 0.5]
A:
[[0.73 0.27]
 [0.13 0.87]]
chi:
[[0.0117128  0.00242438 0.00655613 0.01965066 0.02993815 0.06069878
  0.08052571 0.68849339 0.1       ]
 [0.32824712 0.11393381 0.10718666 0.09802335 0.09877391 0.08204952
  0.06964223 0.00214339 0.1       ]]

2023-05-11 17:29 - DEBUG - TrainingManager : 134 - 13: logL = -3108.3
2023-05-11 17:29 - DEBUG - TrainingManager : 113 - (k=6) EM iteration #15
2023-05-11 17:29 - DEBUG - TrainingManager : 133 - Current model parameters
pi:
[0.5 0.5]
A:
[[0.73 0.27]
 [0.13 0.87]]
chi:
[[0.01056603 0.00186179 0.00548636 0.01853503 0.02800292 0.05959321
  0.0793923  0.69656235 0.1       ]
 [0.3271433  0.11362015 0.1071701  0.09814438 0.09933318 0.08246258
  0.07023627 0.00189004 0.1       ]]

2023-05-11 17:29 - DEBUG - TrainingManager : 134 - 14: logL = -3107.7
2023-05-11 17:29 - DEBUG - TrainingManager : 113 - (k=6) EM iteration #16
2023-05-11 17:30 - DEBUG - TrainingManager : 133 - Current model parameters
pi:
[0.5 0.5]
A:
[[0.73 0.27]
 [0.13 0.87]]
chi:
[[0.00959302 0.0014293  0.00461393 0.01756262 0.02637343 0.05873562
  0.07851459 0.70317749 0.1       ]
 [0.32628614 0.11335921 0.10715683 0.09826943 0.09980007 0.08276913
  0.07068502 0.00167417 0.1       ]]

2023-05-11 17:30 - DEBUG - TrainingManager : 134 - 15: logL = -3107.3
2023-05-11 17:30 - DEBUG - TrainingManager : 113 - (k=6) EM iteration #17
2023-05-11 17:30 - DEBUG - TrainingManager : 133 - Current model parameters
pi:
[0.5 0.5]
A:
[[0.72 0.28]
 [0.13 0.87]]
chi:
[[0.00876064 0.00109655 0.00390076 0.01671359 0.02499743 0.05807075
  0.07783571 0.70862458 0.1       ]
 [0.32561669 0.11314046 0.10714554 0.0983938  0.10019274 0.08299699
  0.07102551 0.00148826 0.1       ]]

2023-05-11 17:30 - DEBUG - TrainingManager : 134 - 16: logL = -3106.9
2023-05-11 17:30 - DEBUG - TrainingManager : 113 - (k=6) EM iteration #18
2023-05-11 17:30 - DEBUG - TrainingManager : 133 - Current model parameters
pi:
[0.5 0.5]
A:
[[0.72 0.28]
 [0.13 0.87]]
chi:
[[0.00804297 0.00084039 0.00331526 0.01597111 0.02383196 0.05755449
  0.07730961 0.71313422 0.1       ]
 [0.3250907  0.11295556 0.10713562 0.09851418 0.10052487 0.08316675
  0.07128547 0.00132683 0.1       ]]

2023-05-11 17:30 - DEBUG - TrainingManager : 134 - 17: logL = -3106.7
2023-05-11 17:30 - INFO - TrainingManager : 151 -  >> Log-likelihood of converged model with k=6: -3.107e+03
2023-05-11 17:30 - INFO - TrainingManager : 71 -  >> BIC: 6.322e+03
2023-05-11 17:30 - INFO - TrainingManager : 104 - Training with k=7
2023-05-11 17:30 - DEBUG - TrainingManager : 113 - (k=7) EM iteration #1
2023-05-11 17:30 - DEBUG - TrainingManager : 133 - Current model parameters
pi:
[0.5 0.5]
A:
[[0.71 0.29]
 [0.29 0.71]]
chi:
[[0.12960158 0.04398493 0.05168871 0.05229875 0.06417864 0.07051472
  0.07350627 0.08248138 0.33174501 0.1       ]
 [0.32031524 0.08552901 0.08172064 0.06832505 0.0667673  0.05920019
  0.05239425 0.04604517 0.11970314 0.1       ]]

2023-05-11 17:30 - DEBUG - TrainingManager : 134 - 0: logL = -3610.2
2023-05-11 17:30 - DEBUG - TrainingManager : 113 - (k=7) EM iteration #2
2023-05-11 17:30 - DEBUG - TrainingManager : 133 - Current model parameters
pi:
[0.5 0.5]
A:
[[0.73 0.27]
 [0.26 0.74]]
chi:
[[0.10617758 0.03817035 0.04650806 0.04819953 0.06219077 0.07059699
  0.07342448 0.08529378 0.36943846 0.1       ]
 [0.34124737 0.09078155 0.08646861 0.07215734 0.06867625 0.05923046
  0.05267967 0.04366395 0.0850948  0.1       ]]

2023-05-11 17:30 - DEBUG - TrainingManager : 134 - 1: logL = -3334.4
2023-05-11 17:30 - DEBUG - TrainingManager : 113 - (k=7) EM iteration #3
2023-05-11 17:30 - DEBUG - TrainingManager : 133 - Current model parameters
pi:
[0.5 0.5]
A:
[[0.75 0.25]
 [0.23 0.77]]
chi:
[[0.08261931 0.03157253 0.04024668 0.04309118 0.05937938 0.07040472
  0.07303798 0.08879828 0.41084994 0.1       ]
 [0.35776923 0.09570933 0.09137169 0.07635403 0.0711382  0.0596673
  0.05350998 0.0413576  0.05312262 0.1       ]]

2023-05-11 17:30 - DEBUG - TrainingManager : 134 - 2: logL = -3310.8
2023-05-11 17:30 - DEBUG - TrainingManager : 113 - (k=7) EM iteration #4
2023-05-11 17:30 - DEBUG - TrainingManager : 133 - Current model parameters
pi:
[0.5 0.5]
A:
[[0.77 0.23]
 [0.2  0.8 ]]
chi:
[[0.06245506 0.02507685 0.0335456  0.03735064 0.05553349 0.06942795
  0.07184702 0.09246428 0.45229911 0.1       ]
 [0.36521833 0.09898793 0.09529355 0.08009163 0.07401985 0.06089155
  0.05523358 0.03991062 0.03035295 0.1       ]]

2023-05-11 17:30 - DEBUG - TrainingManager : 134 - 3: logL = -3282.7
2023-05-11 17:30 - DEBUG - TrainingManager : 113 - (k=7) EM iteration #5
2023-05-11 17:30 - DEBUG - TrainingManager : 133 - Current model parameters
pi:
[0.5 0.5]
A:
[[0.78 0.22]
 [0.17 0.83]]
chi:
[[0.04771776 0.01964753 0.02739327 0.03157647 0.05077196 0.0669761
  0.06937821 0.09515025 0.49138845 0.1       ]
 [0.36408518 0.10014238 0.09752101 0.08281763 0.07696786 0.06316382
  0.05785651 0.04000741 0.01743822 0.1       ]]

2023-05-11 17:30 - DEBUG - TrainingManager : 134 - 4: logL = -3258.5
2023-05-11 17:30 - DEBUG - TrainingManager : 113 - (k=7) EM iteration #6
2023-05-11 17:30 - DEBUG - TrainingManager : 133 - Current model parameters
pi:
[0.5 0.5]
A:
[[0.79 0.21]
 [0.15 0.85]]
chi:
[[0.03784924 0.01560314 0.02237098 0.02616429 0.04575227 0.06293966
  0.0658647  0.09598418 0.52747154 0.1       ]
 [0.35837016 0.0997766  0.09826603 0.08459864 0.07947722 0.06618175
  0.06081326 0.04163244 0.01088389 0.1       ]]

2023-05-11 17:30 - DEBUG - TrainingManager : 134 - 5: logL = -3242.6
2023-05-11 17:30 - DEBUG - TrainingManager : 113 - (k=7) EM iteration #7
2023-05-11 17:30 - DEBUG - TrainingManager : 133 - Current model parameters
pi:
[0.5 0.5]
A:
[[0.78 0.22]
 [0.14 0.86]]
chi:
[[0.03118091 0.01262534 0.0184065  0.02122439 0.04113136 0.0579422
  0.0619748  0.09498115 0.56053334 0.1       ]
 [0.35146673 0.09876067 0.09818141 0.08575993 0.08129745 0.06931528
  0.06351788 0.04418954 0.00751111 0.1       ]]

2023-05-11 17:30 - DEBUG - TrainingManager : 134 - 6: logL = -3233.2
2023-05-11 17:30 - DEBUG - TrainingManager : 113 - (k=7) EM iteration #8
2023-05-11 17:30 - DEBUG - TrainingManager : 133 - Current model parameters
pi:
[0.5 0.5]
A:
[[0.78 0.22]
 [0.14 0.86]]
chi:
[[0.0263747  0.01029285 0.01522167 0.01683942 0.03719943 0.05280568
  0.05821704 0.09279318 0.59025603 0.1       ]
 [0.34509203 0.09767238 0.09779031 0.08653233 0.08250229 0.0720785
  0.06573549 0.04697653 0.00562015 0.1       ]]

2023-05-11 17:30 - DEBUG - TrainingManager : 134 - 7: logL = -3227.1
2023-05-11 17:30 - DEBUG - TrainingManager : 113 - (k=7) EM iteration #9
2023-05-11 17:30 - DEBUG - TrainingManager : 133 - Current model parameters
pi:
[0.5 0.5]
A:
[[0.77 0.23]
 [0.13 0.87]]
chi:
[[0.02268768 0.00836301 0.01261245 0.01310453 0.03397525 0.04809686
  0.05485875 0.09016235 0.61613911 0.1       ]
 [0.33984095 0.09675213 0.09736473 0.08703924 0.08328188 0.07429619
  0.06746044 0.04951777 0.00444667 0.1       ]]

2023-05-11 17:30 - DEBUG - TrainingManager : 134 - 8: logL = -3222.8
2023-05-11 17:30 - DEBUG - TrainingManager : 113 - (k=7) EM iteration #10
2023-05-11 17:30 - DEBUG - TrainingManager : 133 - Current model parameters
pi:
[0.5 0.5]
A:
[[0.76 0.24]
 [0.13 0.87]]
chi:
[[0.019751   0.00674713 0.0104633  0.01004544 0.03136717 0.04404709
  0.05202067 0.0876074  0.63795081 0.1       ]
 [0.33575596 0.09604206 0.09700608 0.08736256 0.08380263 0.07600401
  0.06876009 0.05161602 0.00365059 0.1       ]]

2023-05-11 17:30 - DEBUG - TrainingManager : 134 - 9: logL = -3219.7
2023-05-11 17:30 - DEBUG - TrainingManager : 113 - (k=7) EM iteration #11
2023-05-11 17:30 - DEBUG - TrainingManager : 133 - Current model parameters
pi:
[0.5 0.5]
A:
[[0.75 0.25]
 [0.13 0.87]]
chi:
[[0.01736691 0.005414   0.00870062 0.00761063 0.0292618  0.04067251
  0.04972416 0.08538615 0.65586322 0.1       ]
 [0.33266871 0.09551009 0.09673345 0.08756296 0.08417295 0.07730933
  0.06971684 0.05325443 0.00307122 0.1       ]]

2023-05-11 17:30 - DEBUG - TrainingManager : 134 - 10: logL = -3217.4
2023-05-11 17:30 - DEBUG - TrainingManager : 113 - (k=7) EM iteration #12
2023-05-11 17:30 - DEBUG - TrainingManager : 133 - Current model parameters
pi:
[0.5 0.5]
A:
[[0.75 0.25]
 [0.13 0.87]]
chi:
[[0.01541005 0.00433575 0.00726396 0.00571013 0.02755778 0.03789781
  0.0479242  0.08357419 0.67032613 0.1       ]
 [0.33036694 0.09511214 0.09653633 0.08768204 0.0844543  0.07831663
  0.07040956 0.05449556 0.0026265  0.1       ]]

2023-05-11 17:30 - DEBUG - TrainingManager : 134 - 11: logL = -3215.8
2023-05-11 17:30 - DEBUG - TrainingManager : 113 - (k=7) EM iteration #13
2023-05-11 17:30 - DEBUG - TrainingManager : 133 - Current model parameters
pi:
[0.5 0.5]
A:
[[0.74 0.26]
 [0.13 0.87]]
chi:
[[0.01379006 0.00347626 0.00609777 0.00424735 0.02617309 0.03562622
  0.0465437  0.08215063 0.68189491 0.1       ]
 [0.3286599  0.09481192 0.09639788 0.0877464  0.08467942 0.07910574
  0.0709056  0.05542168 0.00227147 0.1       ]]

2023-05-11 17:30 - DEBUG - TrainingManager : 134 - 12: logL = -3214.6
2023-05-11 17:30 - DEBUG - TrainingManager : 113 - (k=7) EM iteration #14
2023-05-11 17:30 - DEBUG - TrainingManager : 133 - Current model parameters
pi:
[0.5 0.5]
A:
[[0.73 0.27]
 [0.13 0.87]]
chi:
[[0.01243802 0.00279607 0.00515172 0.00313418 0.02504344 0.03376783
  0.0454994  0.08105634 0.69111299 0.1       ]
 [0.32739553 0.09458325 0.09630297 0.08777293 0.08486567 0.0797327
  0.07125834 0.05610874 0.00197986 0.1       ]]

2023-05-11 17:30 - DEBUG - TrainingManager : 134 - 13: logL = -3213.8
2023-05-11 17:30 - DEBUG - TrainingManager : 113 - (k=7) EM iteration #15
2023-05-11 17:30 - DEBUG - TrainingManager : 133 - Current model parameters
pi:
[0.5 0.5]
A:
[[0.73 0.27]
 [0.13 0.87]]
chi:
[[0.01130047 0.00225844 0.00438237 0.00229563 0.02411863 0.03224705
  0.04471583 0.080225   0.69845657 0.1       ]
 [0.32645875 0.09440765 0.09623985 0.087773   0.08502267 0.08023619
  0.07150805 0.05661839 0.00173546 0.1       ]]

2023-05-11 17:30 - DEBUG - TrainingManager : 134 - 14: logL = -3213.2
2023-05-11 17:30 - DEBUG - TrainingManager : 113 - (k=7) EM iteration #16
2023-05-11 17:30 - DEBUG - TrainingManager : 133 - Current model parameters
pi:
[0.5 0.5]
A:
[[0.73 0.27]
 [0.13 0.87]]
chi:
[[0.01033578 0.00183236 0.00375378 0.00166991 0.02335929 0.03100219
  0.04413047 0.07959676 0.70431946 0.1       ]
 [0.32576439 0.09427191 0.09619979 0.08775478 0.08515616 0.08064345
  0.07168419 0.05699767 0.00152765 0.1       ]]

2023-05-11 17:30 - DEBUG - TrainingManager : 134 - 15: logL = -3212.7
2023-05-11 17:30 - DEBUG - TrainingManager : 113 - (k=7) EM iteration #17
2023-05-11 17:30 - DEBUG - TrainingManager : 133 - Current model parameters
pi:
[0.5 0.5]
A:
[[0.72 0.28]
 [0.13 0.87]]
chi:
[[0.00951143 0.00149306 0.00323703 0.00120716 0.02273425 0.02998308
  0.04369407 0.07912252 0.70901741 0.1       ]
 [0.32524989 0.09416638 0.0961764  0.08772447 0.08526999 0.0809743
  0.07180797 0.05728148 0.00134911 0.1       ]]

2023-05-11 17:30 - DEBUG - TrainingManager : 134 - 16: logL = -3212.4
2023-05-11 17:30 - DEBUG - TrainingManager : 113 - (k=7) EM iteration #18
2023-05-11 17:30 - DEBUG - TrainingManager : 133 - Current model parameters
pi:
[0.5 0.5]
A:
[[0.72 0.28]
 [0.13 0.87]]
chi:
[[0.00880185 0.00122135 0.00280927 0.00086775 0.02221872 0.02914879
  0.04336888 0.07876394 0.71279945 0.1       ]
 [0.32486927 0.09408383 0.09616501 0.08768682 0.08536702 0.08124372
  0.07189454 0.05749524 0.00119454 0.1       ]]

2023-05-11 17:30 - DEBUG - TrainingManager : 134 - 17: logL = -3212.2
2023-05-11 17:30 - INFO - TrainingManager : 151 -  >> Log-likelihood of converged model with k=7: -3.212e+03
2023-05-11 17:30 - INFO - TrainingManager : 71 -  >> BIC: 6.547e+03
2023-05-11 17:30 - INFO - TrainingManager : 75 - Optimal k=6
2023-05-11 17:30 - INFO - cli : 125 - Training phase done in 00:00:04
2023-05-11 17:30 - INFO - cli : 155 - Process done in 00:00:04
2023-05-11 17:30 - INFO - cli : 156 - Output written to  -> combmodel
