2023-05-11 17:06 - INFO - cli : 40 - Summarizing job ... 

       Input files:
              probing: ./scripts/RMPS2.shape
              fasta: ./datafiles/fasta.fa

       Configuration parameters:
              log: False
              training: True
              scoring: True
              k: auto
              DOM: True
              hairpins: True
              motif: ({4,15}.{3,10}){4,15}
              posteriors: True
              HDSL: True
              SPP: True

       Using 2 parallel processes

2023-05-11 17:06 - DEBUG - cli : 41 - Summarizing configuration:
=========================================================
Running patteRNA with the following parameters:
=========================================================
Input files:
	probing: ./scripts/RMPS2.shape
	fasta: ./datafiles/fasta.fa

Configuration parameters:
	output: unmodmodel
	verbose: True
	log: False
	no_vienna: True
	GMM: False
	k: -1
	KL_div: 0.001
	epsilon: 0.01
	maxiter: 250
	n_tasks: 2
	motif: ({4,15}.{3,10}){4,15}
	path: None
	hairpins: True
	posteriors: True
	viterbi: False
	HDSL: True
	SPP: True
	nan: False
	print_nan: False
	no_prompt: False
	min_cscores: 1000
	no_cscores: False
	batch_size: 100
	context: 40
	training: True
	scoring: True
	reference: False
	hdsl_params: (1.2, 0.5)
=========================================================
2023-05-11 17:06 - INFO - cli : 50 - Loading input data
2023-05-11 17:06 - INFO - cli : 66 -  ... done in 00:00:00
2023-05-11 17:06 - INFO - cli : 104 - Spawning training set
2023-05-11 17:06 - INFO - Dataset : 102 -  ... sorting
2023-05-11 17:06 - INFO - Dataset : 105 -  ... selecting
2023-05-11 17:06 - INFO - cli : 107 -  ... done in 00:00:00
2023-05-11 17:06 - INFO - cli : 109 - Training set summary: 
       Passed QC                  1
       Used transcripts           1
       # Data points (in DOM)     704
       KL div                     0
2023-05-11 17:06 - INFO - TrainingManager : 104 - Training with k=6
2023-05-11 17:06 - DEBUG - TrainingManager : 113 - (k=6) EM iteration #1
2023-05-11 17:06 - DEBUG - TrainingManager : 133 - Current model parameters
pi:
[0.5 0.5]
A:
[[0.71 0.29]
 [0.29 0.71]]
chi:
[[0.13961873 0.05095253 0.05931912 0.0720871  0.07783683 0.0865418
  0.09032659 0.32331729 0.1       ]
 [0.32457864 0.09197566 0.08117078 0.08126524 0.07050396 0.06444707
  0.0607088  0.12534985 0.1       ]]

2023-05-11 17:06 - DEBUG - TrainingManager : 134 - 0: logL = -1725.0
2023-05-11 17:06 - DEBUG - TrainingManager : 113 - (k=6) EM iteration #2
2023-05-11 17:06 - DEBUG - TrainingManager : 133 - Current model parameters
pi:
[0.5 0.5]
A:
[[0.72 0.28]
 [0.27 0.73]]
chi:
[[0.1218641  0.04669303 0.05794701 0.0708966  0.07777444 0.08677618
  0.08619075 0.35185788 0.1       ]
 [0.34065565 0.09585488 0.08236316 0.08236462 0.07061335 0.06436506
  0.06493559 0.09884769 0.1       ]]

2023-05-11 17:06 - DEBUG - TrainingManager : 134 - 1: logL = -1613.6
2023-05-11 17:06 - DEBUG - TrainingManager : 113 - (k=6) EM iteration #3
2023-05-11 17:06 - DEBUG - TrainingManager : 133 - Current model parameters
pi:
[0.5 0.5]
A:
[[0.74 0.26]
 [0.25 0.75]]
chi:
[[0.10298506 0.04198621 0.05623775 0.06968921 0.07760968 0.08702691
  0.08104834 0.38341684 0.1       ]
 [0.35526718 0.0995774  0.08361792 0.08333642 0.07087501 0.06445947
  0.07011125 0.07275536 0.1       ]]

2023-05-11 17:06 - DEBUG - TrainingManager : 134 - 2: logL = -1607.5
2023-05-11 17:06 - DEBUG - TrainingManager : 113 - (k=6) EM iteration #4
2023-05-11 17:06 - DEBUG - TrainingManager : 133 - Current model parameters
pi:
[0.5 0.5]
A:
[[0.75 0.25]
 [0.23 0.77]]
chi:
[[0.08475947 0.0371713  0.05420289 0.06855653 0.07721835 0.08704277
  0.07491352 0.41613517 0.1       ]
 [0.36559158 0.1025223  0.0847895  0.08402681 0.07138829 0.06498678
  0.0758868  0.05080794 0.1       ]]

2023-05-11 17:06 - DEBUG - TrainingManager : 134 - 3: logL = -1599.9
2023-05-11 17:06 - DEBUG - TrainingManager : 113 - (k=6) EM iteration #5
2023-05-11 17:06 - DEBUG - TrainingManager : 133 - Current model parameters
pi:
[0.5 0.5]
A:
[[0.76 0.24]
 [0.2  0.8 ]]
chi:
[[0.06901027 0.03264394 0.05180455 0.06747311 0.07633058 0.08636047
  0.06820963 0.44816744 0.1       ]
 [0.3702305  0.10432671 0.08586884 0.08446377 0.07231299 0.06623558
  0.08149177 0.03506982 0.1       ]]

2023-05-11 17:06 - DEBUG - TrainingManager : 134 - 4: logL = -1592.3
2023-05-11 17:06 - DEBUG - TrainingManager : 113 - (k=6) EM iteration #6
2023-05-11 17:06 - DEBUG - TrainingManager : 133 - Current model parameters
pi:
[0.5 0.5]
A:
[[0.77 0.23]
 [0.18 0.82]]
chi:
[[0.05667201 0.02871486 0.04903676 0.06631857 0.07474189 0.08464075
  0.06179607 0.47807909 0.1       ]
 [0.37010967 0.10507331 0.08692697 0.08481508 0.07368374 0.06823034
  0.08607001 0.02509089 0.1       ]]

2023-05-11 17:06 - DEBUG - TrainingManager : 134 - 5: logL = -1586.2
2023-05-11 17:06 - DEBUG - TrainingManager : 113 - (k=6) EM iteration #7
2023-05-11 17:06 - DEBUG - TrainingManager : 133 - Current model parameters
pi:
[0.5 0.5]
A:
[[0.77 0.23]
 [0.17 0.83]]
chi:
[[0.0474797  0.02549721 0.04598903 0.06497499 0.07252312 0.08199301
  0.05643334 0.5051096  0.1       ]
 [0.3672998  0.10509995 0.0879951  0.08523166 0.07532878 0.07065217
  0.08923346 0.01915908 0.1       ]]

2023-05-11 17:06 - DEBUG - TrainingManager : 134 - 6: logL = -1582.1
2023-05-11 17:06 - DEBUG - TrainingManager : 113 - (k=6) EM iteration #8
2023-05-11 17:06 - DEBUG - TrainingManager : 133 - Current model parameters
pi:
[0.5 0.5]
A:
[[0.77 0.23]
 [0.16 0.84]]
chi:
[[0.0405568  0.022907   0.04280284 0.06339335 0.06995721 0.07885746
  0.05234936 0.52917599 0.1       ]
 [0.36353205 0.10475281 0.08905119 0.0857717  0.07700217 0.07308883
  0.09114529 0.01565596 0.1       ]]

2023-05-11 17:06 - DEBUG - TrainingManager : 134 - 7: logL = -1579.6
2023-05-11 17:06 - DEBUG - TrainingManager : 113 - (k=6) EM iteration #9
2023-05-11 17:06 - DEBUG - TrainingManager : 133 - Current model parameters
pi:
[0.5 0.5]
A:
[[0.76 0.24]
 [0.15 0.85]]
chi:
[[0.03507431 0.02076649 0.0396082  0.06159577 0.06733939 0.0756769
  0.04936766 0.55057128 0.1       ]
 [0.35975474 0.10427871 0.09006002 0.08642178 0.07852652 0.07526486
  0.09218569 0.01350769 0.1       ]]

2023-05-11 17:06 - DEBUG - TrainingManager : 134 - 8: logL = -1578.0
2023-05-11 17:06 - DEBUG - TrainingManager : 113 - (k=6) EM iteration #10
2023-05-11 17:06 - DEBUG - TrainingManager : 133 - Current model parameters
pi:
[0.5 0.5]
A:
[[0.76 0.24]
 [0.15 0.85]]
chi:
[[0.03049497 0.01891276 0.03650298 0.05964995 0.0648649  0.07272682
  0.04720133 0.56964629 0.1       ]
 [0.35635056 0.10381657 0.09099535 0.08713763 0.07982647 0.07707743
  0.09269256 0.01210344 0.1       ]]

2023-05-11 17:06 - DEBUG - TrainingManager : 134 - 9: logL = -1577.0
2023-05-11 17:06 - DEBUG - TrainingManager : 113 - (k=6) EM iteration #11
2023-05-11 17:06 - DEBUG - TrainingManager : 133 - Current model parameters
pi:
[0.5 0.5]
A:
[[0.75 0.25]
 [0.15 0.85]]
chi:
[[0.02653528 0.01724217 0.0335553  0.05764188 0.06262605 0.07012222
  0.0456048  0.5866723  0.1       ]
 [0.35341747 0.10342656 0.09184362 0.08787081 0.08089674 0.07853299
  0.09289447 0.01111734 0.1       ]]

2023-05-11 17:06 - DEBUG - TrainingManager : 134 - 10: logL = -1576.2
2023-05-11 17:06 - DEBUG - TrainingManager : 113 - (k=6) EM iteration #12
2023-05-11 17:06 - DEBUG - TrainingManager : 133 - Current model parameters
pi:
[0.5 0.5]
A:
[[0.74 0.26]
 [0.15 0.85]]
chi:
[[0.0230602  0.0157044  0.03080869 0.05565411 0.06064893 0.06788148
  0.04440336 0.60183885 0.1       ]
 [0.35093771 0.10312345 0.09260152 0.08858172 0.08176408 0.07968302
  0.09292995 0.01037855 0.1       ]]

2023-05-11 17:06 - DEBUG - TrainingManager : 134 - 11: logL = -1575.5
2023-05-11 17:06 - DEBUG - TrainingManager : 113 - (k=6) EM iteration #13
2023-05-11 17:06 - DEBUG - TrainingManager : 133 - Current model parameters
pi:
[0.5 0.5]
A:
[[0.73 0.27]
 [0.15 0.85]]
chi:
[[0.02000295 0.01428133 0.02828649 0.05375258 0.05892605 0.06597916
  0.04347974 0.61529169 0.1       ]
 [0.34885634 0.10290065 0.09327242 0.08924381 0.08246373 0.08058727
  0.0928793  0.00979648 0.1       ]]

2023-05-11 17:06 - DEBUG - TrainingManager : 134 - 12: logL = -1575.0
2023-05-11 17:06 - DEBUG - TrainingManager : 113 - (k=6) EM iteration #14
2023-05-11 17:06 - DEBUG - TrainingManager : 133 - Current model parameters
pi:
[0.5 0.5]
A:
[[0.72 0.28]
 [0.15 0.85]]
chi:
[[0.0173218  0.01296932 0.0259964  0.05198179 0.05743587 0.06437527
  0.04275579 0.62716376 0.1       ]
 [0.34711266 0.10274404 0.0938633  0.0898429  0.08302887 0.08129887
  0.09278806 0.00932131 0.1       ]]

2023-05-11 17:06 - DEBUG - TrainingManager : 134 - 13: logL = -1574.5
2023-05-11 17:06 - DEBUG - TrainingManager : 113 - (k=6) EM iteration #15
2023-05-11 17:06 - DEBUG - TrainingManager : 133 - Current model parameters
pi:
[0.5 0.5]
A:
[[0.72 0.28]
 [0.15 0.85]]
chi:
[[0.01498155 0.01176857 0.02393478 0.0503662  0.05615241 0.06302817
  0.04217868 0.63758963 0.1       ]
 [0.34565101 0.1026387  0.09438254 0.09037415 0.0834873  0.08186068
  0.09268157 0.00892405 0.1       ]]

2023-05-11 17:06 - DEBUG - TrainingManager : 134 - 14: logL = -1574.1
2023-05-11 17:06 - DEBUG - TrainingManager : 113 - (k=6) EM iteration #16
2023-05-11 17:06 - DEBUG - TrainingManager : 133 - Current model parameters
pi:
[0.5 0.5]
A:
[[0.71 0.29]
 [0.15 0.85]]
chi:
[[0.01294786 0.0106783  0.02209047 0.04891443 0.05504968 0.06189933
  0.04171192 0.64670801 0.1       ]
 [0.34442354 0.10257166 0.0948387  0.09083887 0.08386118 0.082306
  0.09257352 0.00858652 0.1       ]]

2023-05-11 17:06 - DEBUG - TrainingManager : 134 - 15: logL = -1573.9
2023-05-11 17:06 - DEBUG - TrainingManager : 113 - (k=6) EM iteration #17
2023-05-11 17:07 - DEBUG - TrainingManager : 133 - Current model parameters
pi:
[0.5 0.5]
A:
[[0.71 0.29]
 [0.15 0.85]]
chi:
[[0.01118659 0.00969517 0.02044787 0.0476241  0.05410344 0.06095468
  0.04132971 0.65465844 0.1       ]
 [0.34339017 0.10253257 0.09523981 0.09124185 0.08416786 0.08266041
  0.09247093 0.0082964  0.1       ]]

2023-05-11 17:07 - DEBUG - TrainingManager : 134 - 16: logL = -1573.6
2023-05-11 17:07 - DEBUG - TrainingManager : 113 - (k=6) EM iteration #18
2023-05-11 17:07 - DEBUG - TrainingManager : 133 - Current model parameters
pi:
[0.5 0.5]
A:
[[0.7  0.3 ]
 [0.15 0.85]]
chi:
[[0.00966482 0.0088134  0.01898916 0.04648604 0.05329189 0.06016468
  0.04101343 0.66157657 0.1       ]
 [0.34251766 0.1025136  0.09559314 0.09158945 0.08442081 0.08294356
  0.092377   0.00804477 0.1       ]]

2023-05-11 17:07 - DEBUG - TrainingManager : 134 - 17: logL = -1573.4
2023-05-11 17:07 - DEBUG - TrainingManager : 113 - (k=6) EM iteration #19
2023-05-11 17:07 - DEBUG - TrainingManager : 133 - Current model parameters
pi:
[0.5 0.5]
A:
[[0.7  0.3 ]
 [0.15 0.85]]
chi:
[[0.00835179 0.00802552 0.01769592 0.04548752 0.0525958  0.05950402
  0.04074935 0.66759007 0.1       ]
 [0.3417786  0.10250899 0.0959051  0.09188844 0.08463054 0.08317062
  0.09229285 0.00782486 0.1       ]]

2023-05-11 17:07 - DEBUG - TrainingManager : 134 - 18: logL = -1573.3
2023-05-11 17:07 - DEBUG - TrainingManager : 113 - (k=6) EM iteration #20
2023-05-11 17:07 - DEBUG - TrainingManager : 133 - Current model parameters
pi:
[0.5 0.5]
A:
[[0.7  0.3 ]
 [0.15 0.85]]
chi:
[[0.00721962 0.00732316 0.01655012 0.04461433 0.05199843 0.0589512
  0.04052716 0.67281598 0.1       ]
 [0.34115038 0.10251455 0.09618129 0.09214536 0.08480528 0.08335337
  0.09221844 0.00763134 0.1       ]]

2023-05-11 17:07 - DEBUG - TrainingManager : 134 - 19: logL = -1573.1
2023-05-11 17:07 - INFO - TrainingManager : 151 -  >> Log-likelihood of converged model with k=6: -1.573e+03
2023-05-11 17:07 - INFO - TrainingManager : 71 -  >> BIC: 3.245e+03
2023-05-11 17:07 - INFO - TrainingManager : 104 - Training with k=7
2023-05-11 17:07 - DEBUG - TrainingManager : 113 - (k=7) EM iteration #1
2023-05-11 17:07 - DEBUG - TrainingManager : 133 - Current model parameters
pi:
[0.5 0.5]
A:
[[0.71 0.29]
 [0.29 0.71]]
chi:
[[0.13975588 0.04021398 0.0577133  0.05523726 0.06295545 0.07074992
  0.06990448 0.07966622 0.3238035  0.1       ]
 [0.32403137 0.07455332 0.08270103 0.06992301 0.06233388 0.05974062
  0.04789472 0.05350886 0.12531318 0.1       ]]

2023-05-11 17:07 - DEBUG - TrainingManager : 134 - 0: logL = -1807.9
2023-05-11 17:07 - DEBUG - TrainingManager : 113 - (k=7) EM iteration #2
2023-05-11 17:07 - DEBUG - TrainingManager : 133 - Current model parameters
pi:
[0.5 0.5]
A:
[[0.72 0.28]
 [0.27 0.73]]
chi:
[[0.12192137 0.03679534 0.05627322 0.05257372 0.06333951 0.07045941
  0.07113822 0.07495999 0.35253923 0.1       ]
 [0.34013121 0.07764588 0.08393493 0.07241143 0.06196529 0.06009451
  0.04684156 0.05824642 0.09872877 0.1       ]]

2023-05-11 17:07 - DEBUG - TrainingManager : 134 - 1: logL = -1666.5
2023-05-11 17:07 - DEBUG - TrainingManager : 113 - (k=7) EM iteration #3
2023-05-11 17:07 - DEBUG - TrainingManager : 133 - Current model parameters
pi:
[0.5 0.5]
A:
[[0.74 0.26]
 [0.25 0.75]]
chi:
[[0.1028     0.03312875 0.05435521 0.04965457 0.06401491 0.06989857
  0.07251125 0.06911563 0.38452111 0.1       ]
 [0.35479479 0.08047275 0.08531802 0.07485489 0.06135107 0.06077947
  0.04591979 0.06399628 0.07251295 0.1       ]]

2023-05-11 17:07 - DEBUG - TrainingManager : 134 - 2: logL = -1660.1
2023-05-11 17:07 - DEBUG - TrainingManager : 113 - (k=7) EM iteration #4
2023-05-11 17:07 - DEBUG - TrainingManager : 133 - Current model parameters
pi:
[0.5 0.5]
A:
[[0.75 0.25]
 [0.22 0.78]]
chi:
[[0.08422744 0.02954411 0.05192256 0.04666685 0.06492188 0.06886091
  0.07380004 0.06218421 0.417872   0.1       ]
 [0.36510633 0.08249506 0.08671939 0.07689458 0.06060806 0.0619317
  0.04543037 0.0703074  0.05050711 0.1       ]]

2023-05-11 17:07 - DEBUG - TrainingManager : 134 - 3: logL = -1652.2
2023-05-11 17:07 - DEBUG - TrainingManager : 113 - (k=7) EM iteration #5
2023-05-11 17:07 - DEBUG - TrainingManager : 133 - Current model parameters
pi:
[0.5 0.5]
A:
[[0.76 0.24]
 [0.2  0.8 ]]
chi:
[[0.06811519 0.0263918  0.04887743 0.0437914  0.06580791 0.06700635
  0.07455562 0.05473097 0.45072333 0.1       ]
 [0.36959938 0.08343766 0.08814895 0.07832795 0.06000768 0.06369483
  0.045702   0.07625155 0.03483001 0.1       ]]

2023-05-11 17:07 - DEBUG - TrainingManager : 134 - 4: logL = -1644.2
2023-05-11 17:07 - DEBUG - TrainingManager : 113 - (k=7) EM iteration #6
2023-05-11 17:07 - DEBUG - TrainingManager : 133 - Current model parameters
pi:
[0.5 0.5]
A:
[[0.77 0.23]
 [0.18 0.82]]
chi:
[[0.05545247 0.02387682 0.04519194 0.04112203 0.06638777 0.06415568
  0.07438904 0.04774695 0.48167732 0.1       ]
 [0.36921164 0.08345596 0.08966715 0.07922258 0.05975608 0.06600261
  0.04680118 0.08090843 0.02497438 0.1       ]]

2023-05-11 17:07 - DEBUG - TrainingManager : 134 - 5: logL = -1637.8
2023-05-11 17:07 - DEBUG - TrainingManager : 113 - (k=7) EM iteration #7
2023-05-11 17:07 - DEBUG - TrainingManager : 133 - Current model parameters
pi:
[0.5 0.5]
A:
[[0.77 0.23]
 [0.17 0.83]]
chi:
[[0.04596835 0.02197024 0.04101182 0.03863661 0.06656222 0.06050696
  0.07329223 0.04195916 0.51009242 0.1       ]
 [0.36603972 0.08292913 0.09124322 0.07979015 0.0598417  0.06855049
  0.04845927 0.08399161 0.01915472 0.1       ]]

2023-05-11 17:07 - DEBUG - TrainingManager : 134 - 6: logL = -1633.4
2023-05-11 17:07 - DEBUG - TrainingManager : 113 - (k=7) EM iteration #8
2023-05-11 17:07 - DEBUG - TrainingManager : 133 - Current model parameters
pi:
[0.5 0.5]
A:
[[0.77 0.23]
 [0.16 0.84]]
chi:
[[0.0387814  0.0204907  0.03657837 0.0362547  0.06642892 0.05647852
  0.07158759 0.03746813 0.53593167 0.1       ]
 [0.36184071 0.0822032  0.09278642 0.08022148 0.0601192  0.07100842
  0.05029218 0.08580337 0.01572503 0.1       ]]

2023-05-11 17:07 - DEBUG - TrainingManager : 134 - 7: logL = -1630.7
2023-05-11 17:07 - DEBUG - TrainingManager : 113 - (k=7) EM iteration #9
2023-05-11 17:07 - DEBUG - TrainingManager : 133 - Current model parameters
pi:
[0.5 0.5]
A:
[[0.76 0.24]
 [0.15 0.85]]
chi:
[[0.03308601 0.01924522 0.0321057  0.03391577 0.06614196 0.05245604
  0.06966469 0.03401744 0.55936717 0.1       ]
 [0.35760534 0.08149273 0.094229   0.08062397 0.06045119 0.07317555
  0.05201006 0.08679632 0.01361583 0.1       ]]

2023-05-11 17:07 - DEBUG - TrainingManager : 134 - 8: logL = -1628.9
2023-05-11 17:07 - DEBUG - TrainingManager : 113 - (k=7) EM iteration #10
2023-05-11 17:07 - DEBUG - TrainingManager : 133 - Current model parameters
pi:
[0.5 0.5]
A:
[[0.75 0.25]
 [0.15 0.85]]
chi:
[[0.02837256 0.01810439 0.02774768 0.03161314 0.06581381 0.04868841
  0.06780988 0.03131141 0.58053871 0.1       ]
 [0.35376212 0.08089585 0.09554156 0.08103353 0.06076207 0.07498496
  0.05347051 0.08732082 0.01222857 0.1       ]]

2023-05-11 17:07 - DEBUG - TrainingManager : 134 - 9: logL = -1627.6
2023-05-11 17:07 - DEBUG - TrainingManager : 113 - (k=7) EM iteration #11
2023-05-11 17:07 - DEBUG - TrainingManager : 133 - Current model parameters
pi:
[0.5 0.5]
A:
[[0.74 0.26]
 [0.15 0.85]]
chi:
[[0.02436842 0.01700622 0.02361455 0.02938148 0.06550036 0.04529707
  0.06617533 0.02912962 0.59952696 0.1       ]
 [0.35044085 0.08043896 0.09671472 0.081447   0.06102601 0.076451
  0.05464079 0.087593   0.01124768 0.1       ]]

2023-05-11 17:07 - DEBUG - TrainingManager : 134 - 10: logL = -1626.5
2023-05-11 17:07 - DEBUG - TrainingManager : 113 - (k=7) EM iteration #12
2023-05-11 17:07 - DEBUG - TrainingManager : 133 - Current model parameters
pi:
[0.5 0.5]
A:
[[0.73 0.27]
 [0.15 0.85]]
chi:
[[0.02093051 0.01593308 0.01978733 0.02726773 0.0652198  0.04231715
  0.06481307 0.02732693 0.61640441 0.1       ]
 [0.34763771 0.0801132  0.09774587 0.08184904 0.06124242 0.07762282
  0.05554564 0.08773452 0.01050879 0.1       ]]

2023-05-11 17:07 - DEBUG - TrainingManager : 134 - 11: logL = -1625.6
2023-05-11 17:07 - DEBUG - TrainingManager : 113 - (k=7) EM iteration #13
2023-05-11 17:07 - DEBUG - TrainingManager : 133 - Current model parameters
pi:
[0.5 0.5]
A:
[[0.72 0.28]
 [0.15 0.85]]
chi:
[[0.01797281 0.01488966 0.01632348 0.02530991 0.06497221 0.03973454
  0.06371783 0.02580883 0.63127074 0.1       ]
 [0.34529907 0.07989635 0.0986347  0.08222618 0.06141966 0.07855724
  0.05623054 0.0878116  0.00992466 0.1       ]]

2023-05-11 17:07 - DEBUG - TrainingManager : 134 - 12: logL = -1624.8
2023-05-11 17:07 - DEBUG - TrainingManager : 113 - (k=7) EM iteration #14
2023-05-11 17:07 - DEBUG - TrainingManager : 133 - Current model parameters
pi:
[0.5 0.5]
A:
[[0.72 0.28]
 [0.15 0.85]]
chi:
[[0.01543159 0.01388902 0.01325859 0.02352987 0.06475155 0.03751165
  0.06285785 0.02451197 0.6442579  0.1       ]
 [0.34335953 0.07976386 0.09938301 0.08257076 0.06156719 0.07930625
  0.05674271 0.08785973 0.00944697 0.1       ]]

2023-05-11 17:07 - DEBUG - TrainingManager : 134 - 13: logL = -1624.2
2023-05-11 17:07 - DEBUG - TrainingManager : 113 - (k=7) EM iteration #15
2023-05-11 17:07 - DEBUG - TrainingManager : 133 - Current model parameters
pi:
[0.5 0.5]
A:
[[0.71 0.29]
 [0.15 0.85]]
chi:
[[0.01325242 0.01294513 0.01060707 0.0219351  0.06455151 0.03560309
  0.06219275 0.02339224 0.65552069 0.1       ]
 [0.34175689 0.07969355 0.09999581 0.08288002 0.06169273 0.07991277
  0.05712346 0.08789754 0.00904724 0.1       ]]

2023-05-11 17:07 - DEBUG - TrainingManager : 134 - 14: logL = -1623.7
2023-05-11 17:07 - DEBUG - TrainingManager : 113 - (k=7) EM iteration #16
2023-05-11 17:07 - DEBUG - TrainingManager : 133 - Current model parameters
pi:
[0.5 0.5]
A:
[[0.7  0.3 ]
 [0.15 0.85]]
chi:
[[0.01138653 0.01206937 0.0083634  0.02052313 0.06436776 0.03396407
  0.06168253 0.02241785 0.66522537 0.1       ]
 [0.34043658 0.07966714 0.10048195 0.08315412 0.06180162 0.08041033
  0.05740634 0.08793438 0.00870755 0.1       ]]

2023-05-11 17:07 - DEBUG - TrainingManager : 134 - 15: logL = -1623.3
2023-05-11 17:07 - DEBUG - TrainingManager : 113 - (k=7) EM iteration #17
2023-05-11 17:07 - DEBUG - TrainingManager : 133 - Current model parameters
pi:
[0.5 0.5]
A:
[[0.7  0.3 ]
 [0.15 0.85]]
chi:
[[0.00979024 0.01126908 0.00650495 0.01928535 0.06419827 0.03255423
  0.06129172 0.02156516 0.67354101 0.1       ]
 [0.33935196 0.07967041 0.10085395 0.08339471 0.06189716 0.0808242
  0.05761742 0.08797443 0.00841576 0.1       ]]

2023-05-11 17:07 - DEBUG - TrainingManager : 134 - 16: logL = -1622.9
2023-05-11 17:07 - DEBUG - TrainingManager : 113 - (k=7) EM iteration #18
2023-05-11 17:07 - DEBUG - TrainingManager : 133 - Current model parameters
pi:
[0.5 0.5]
A:
[[0.7  0.3 ]
 [0.15 0.85]]
chi:
[[0.0084249  0.0105474  0.00499624 0.01820949 0.06404283 0.03133883
  0.06099088 0.02081599 0.68063345 0.1       ]
 [0.33846334 0.07969276 0.10112692 0.0836041  0.0619812  0.0811731
  0.05777644 0.08801901 0.00816315 0.1       ]]

2023-05-11 17:07 - DEBUG - TrainingManager : 134 - 17: logL = -1622.7
2023-05-11 17:07 - DEBUG - TrainingManager : 113 - (k=7) EM iteration #19
2023-05-11 17:07 - DEBUG - TrainingManager : 133 - Current model parameters
pi:
[0.5 0.5]
A:
[[0.69 0.31]
 [0.15 0.85]]
chi:
[[0.00725682 0.00990372 0.00379397 0.01728128 0.06390211 0.0302886
  0.0607567  0.02015597 0.68666084 0.1       ]
 [0.33773699 0.07972654 0.10131715 0.08378495 0.06205472 0.08147073
  0.05789797 0.08806789 0.00794307 0.1       ]]

2023-05-11 17:07 - DEBUG - TrainingManager : 134 - 18: logL = -1622.4
2023-05-11 17:07 - DEBUG - TrainingManager : 113 - (k=7) EM iteration #20
2023-05-11 17:07 - DEBUG - TrainingManager : 133 - Current model parameters
pi:
[0.5 0.5]
A:
[[0.69 0.31]
 [0.15 0.85]]
chi:
[[0.00625685 0.00933458 0.00285187 0.01648544 0.06377701 0.02937909
  0.06057146 0.01957335 0.69177034 0.1       ]
 [0.33714429 0.07976645 0.1014408  0.08394005 0.06211834 0.08172715
  0.05799256 0.08812011 0.00775026 0.1       ]]

2023-05-11 17:07 - DEBUG - TrainingManager : 134 - 19: logL = -1622.3
2023-05-11 17:07 - DEBUG - TrainingManager : 113 - (k=7) EM iteration #21
2023-05-11 17:07 - DEBUG - TrainingManager : 133 - Current model parameters
pi:
[0.5 0.5]
A:
[[0.69 0.31]
 [0.15 0.85]]
chi:
[[0.00540005 0.00883459 0.00212459 0.01580662 0.06366807 0.02858988
  0.0604221  0.01905834 0.69609577 0.1       ]
 [0.3366611  0.07980892 0.1015128  0.08407223 0.06217258 0.0819498
  0.05806773 0.08817445 0.00758041 0.1       ]]

2023-05-11 17:07 - DEBUG - TrainingManager : 134 - 20: logL = -1622.1
2023-05-11 17:07 - INFO - TrainingManager : 151 -  >> Log-likelihood of converged model with k=7: -1.622e+03
2023-05-11 17:07 - INFO - TrainingManager : 71 -  >> BIC: 3.356e+03
2023-05-11 17:07 - INFO - TrainingManager : 75 - Optimal k=6
2023-05-11 17:07 - INFO - cli : 125 - Training phase done in 00:00:10
2023-05-11 17:07 - INFO - cli : 137 - Initiating scoring phase
2023-05-11 17:07 - INFO - cli : 140 - Scoring set summary: 
       Passed QC                  1
       Used transcripts           1
       # Data points              704
       # Motifs                   96
2023-05-11 17:07 - INFO - ScoringManager : 77 - Sampling null sites for c-score normalization
2023-05-11 17:07 - INFO - ScoringManager : 112 -  ... done in 00:00:02
2023-05-11 17:07 - INFO - ScoringManager : 124 - Executing scoring
2023-05-11 17:07 - INFO - ScoringManager : 176 -  ... done in 00:00:00
2023-05-11 17:07 - INFO - cli : 153 - Scoring phase done in 00:00:02
2023-05-11 17:07 - INFO - cli : 155 - Process done in 00:00:13
2023-05-11 17:07 - INFO - cli : 156 - Output written to  -> unmodmodel
