2023-05-11 17:09 - INFO - cli : 40 - Summarizing job ... 

       Input files:
              probing: ./datafiles/SHAPE reactivity_2.fa
              fasta: ./datafiles/fasta.fa

       Configuration parameters:
              log: False
              training: True
              scoring: True
              k: auto
              DOM: True
              hairpins: True
              motif: ({4,15}.{3,10}){4,15}
              posteriors: True
              HDSL: True
              SPP: True

       Using 2 parallel processes

2023-05-11 17:09 - DEBUG - cli : 41 - Summarizing configuration:
=========================================================
Running patteRNA with the following parameters:
=========================================================
Input files:
	probing: ./datafiles/SHAPE reactivity_2.fa
	fasta: ./datafiles/fasta.fa

Configuration parameters:
	output: modmodel
	verbose: True
	log: False
	no_vienna: True
	GMM: False
	k: -1
	KL_div: 0.001
	epsilon: 0.01
	maxiter: 250
	n_tasks: 2
	motif: ({4,15}.{3,10}){4,15}
	path: None
	hairpins: True
	posteriors: True
	viterbi: False
	HDSL: True
	SPP: True
	nan: False
	print_nan: False
	no_prompt: False
	min_cscores: 1000
	no_cscores: False
	batch_size: 100
	context: 40
	training: True
	scoring: True
	reference: False
	hdsl_params: (1.2, 0.5)
=========================================================
2023-05-11 17:09 - INFO - cli : 50 - Loading input data
2023-05-11 17:09 - INFO - cli : 66 -  ... done in 00:00:00
2023-05-11 17:09 - INFO - cli : 104 - Spawning training set
2023-05-11 17:09 - INFO - Dataset : 102 -  ... sorting
2023-05-11 17:09 - INFO - Dataset : 105 -  ... selecting
2023-05-11 17:09 - INFO - cli : 107 -  ... done in 00:00:00
2023-05-11 17:09 - INFO - cli : 109 - Training set summary: 
       Passed QC                  1
       Used transcripts           1
       # Data points (in DOM)     698
       KL div                     0
2023-05-11 17:09 - INFO - TrainingManager : 104 - Training with k=6
2023-05-11 17:09 - DEBUG - TrainingManager : 113 - (k=6) EM iteration #1
2023-05-11 17:09 - DEBUG - TrainingManager : 133 - Current model parameters
pi:
[0.5 0.5]
A:
[[0.72 0.28]
 [0.28 0.72]]
chi:
[[0.12353822 0.04971554 0.05948573 0.06829311 0.07630177 0.08601157
  0.10062364 0.33603042 0.1       ]
 [0.32470102 0.10231022 0.09258571 0.08381951 0.07070276 0.06103835
  0.04906737 0.11577507 0.1       ]]

2023-05-11 17:09 - DEBUG - TrainingManager : 134 - 0: logL = -1720.4
2023-05-11 17:09 - DEBUG - TrainingManager : 113 - (k=6) EM iteration #2
2023-05-11 17:09 - DEBUG - TrainingManager : 133 - Current model parameters
pi:
[0.5 0.5]
A:
[[0.74 0.26]
 [0.25 0.75]]
chi:
[[0.09359832 0.03883121 0.0514636  0.06195721 0.07479181 0.08844149
  0.1114433  0.37947306 0.1       ]
 [0.35219295 0.11248628 0.10013593 0.0898766  0.07222853 0.0588836
  0.03894534 0.07525076 0.1       ]]

2023-05-11 17:09 - DEBUG - TrainingManager : 134 - 1: logL = -1607.4
2023-05-11 17:09 - DEBUG - TrainingManager : 113 - (k=6) EM iteration #3
2023-05-11 17:09 - DEBUG - TrainingManager : 133 - Current model parameters
pi:
[0.5 0.5]
A:
[[0.78 0.22]
 [0.21 0.79]]
chi:
[[0.06523914 0.02681245 0.0415663  0.05323796 0.07203908 0.09100154
  0.12472901 0.42537451 0.1       ]
 [0.37288706 0.12205964 0.10828722 0.09739195 0.07485543 0.05715435
  0.02816346 0.0392009  0.1       ]]

2023-05-11 17:09 - DEBUG - TrainingManager : 134 - 2: logL = -1586.5
2023-05-11 17:09 - DEBUG - TrainingManager : 113 - (k=6) EM iteration #4
2023-05-11 17:09 - DEBUG - TrainingManager : 133 - Current model parameters
pi:
[0.5 0.5]
A:
[[0.8  0.2 ]
 [0.17 0.83]]
chi:
[[0.04465489 0.01687646 0.03157745 0.04318611 0.0674063  0.09232638
  0.13825701 0.46571539 0.1       ]
 [0.3806312  0.12755588 0.11477122 0.10467579 0.07879133 0.05711966
  0.01958695 0.01686797 0.1       ]]

2023-05-11 17:09 - DEBUG - TrainingManager : 134 - 3: logL = -1561.8
2023-05-11 17:09 - DEBUG - TrainingManager : 113 - (k=6) EM iteration #5
2023-05-11 17:09 - DEBUG - TrainingManager : 133 - Current model parameters
pi:
[0.5 0.5]
A:
[[0.81 0.19]
 [0.15 0.85]]
chi:
[[0.03288753 0.01073638 0.02347387 0.03395602 0.06132813 0.0912827
  0.14945747 0.4968779  0.1       ]
 [0.37892937 0.12882269 0.11853958 0.11007722 0.08331872 0.05913606
  0.01450126 0.00667511 0.1       ]]

2023-05-11 17:09 - DEBUG - TrainingManager : 134 - 4: logL = -1543.7
2023-05-11 17:09 - DEBUG - TrainingManager : 113 - (k=6) EM iteration #6
2023-05-11 17:09 - DEBUG - TrainingManager : 133 - Current model parameters
pi:
[0.5 0.5]
A:
[[0.82 0.18]
 [0.14 0.86]]
chi:
[[0.02676226 0.00738894 0.01765523 0.02667206 0.05522446 0.0884512
  0.15765259 0.52019326 0.1       ]
 [0.37393821 0.1280712  0.12029936 0.11347339 0.08732749 0.06217401
  0.01205233 0.00266402 0.1       ]]

2023-05-11 17:09 - DEBUG - TrainingManager : 134 - 5: logL = -1534.8
2023-05-11 17:09 - DEBUG - TrainingManager : 113 - (k=6) EM iteration #7
2023-05-11 17:09 - DEBUG - TrainingManager : 133 - Current model parameters
pi:
[0.5 0.5]
A:
[[0.81 0.19]
 [0.14 0.86]]
chi:
[[0.02339585 0.00545546 0.01353153 0.02121236 0.04987195 0.0849871
  0.16344189 0.53810385 0.1       ]
 [0.36876802 0.12682249 0.12101889 0.11549932 0.09047211 0.0652378
  0.01107489 0.00110649 0.1       ]]

2023-05-11 17:09 - DEBUG - TrainingManager : 134 - 6: logL = -1530.9
2023-05-11 17:09 - DEBUG - TrainingManager : 113 - (k=6) EM iteration #8
2023-05-11 17:09 - DEBUG - TrainingManager : 133 - Current model parameters
pi:
[0.5 0.5]
A:
[[0.81 0.19]
 [0.14 0.86]]
chi:
[[2.13044349e-02 4.18708080e-03 1.04899237e-02 1.71027433e-02
  4.53018051e-02 8.15812128e-02 1.67566865e-01 5.52465935e-01
  1.00000000e-01]
 [3.64250165e-01 1.25602387e-01 1.21259951e-01 1.16703952e-01
  9.29202997e-02 6.79250711e-02 1.08617463e-02 4.76427988e-04
  1.00000000e-01]]

2023-05-11 17:09 - DEBUG - TrainingManager : 134 - 7: logL = -1528.8
2023-05-11 17:09 - DEBUG - TrainingManager : 113 - (k=6) EM iteration #9
2023-05-11 17:09 - DEBUG - TrainingManager : 133 - Current model parameters
pi:
[0.5 0.5]
A:
[[0.8  0.2 ]
 [0.13 0.87]]
chi:
[[1.98447788e-02 3.26451778e-03 8.14084123e-03 1.39278048e-02
  4.13303141e-02 7.84791540e-02 1.70555349e-01 5.64457240e-01
  1.00000000e-01]
 [3.60429333e-01 1.24519672e-01 1.21275140e-01 1.17424700e-01
  9.48974079e-02 7.01798902e-02 1.10629809e-02 2.10876254e-04
  1.00000000e-01]]

2023-05-11 17:09 - DEBUG - TrainingManager : 134 - 8: logL = -1527.5
2023-05-11 17:09 - DEBUG - TrainingManager : 113 - (k=6) EM iteration #10
2023-05-11 17:09 - DEBUG - TrainingManager : 133 - Current model parameters
pi:
[0.5 0.5]
A:
[[0.79 0.21]
 [0.13 0.87]]
chi:
[[1.87398613e-02 2.55228379e-03 6.27172205e-03 1.14002981e-02
  3.77989673e-02 7.57258156e-02 1.72737029e-01 5.74774022e-01
  1.00000000e-01]
 [3.57189783e-01 1.23572319e-01 1.21169437e-01 1.17856205e-01
  9.65569920e-02 7.20549737e-02 1.15048632e-02 9.54266531e-05
  1.00000000e-01]]

2023-05-11 17:09 - DEBUG - TrainingManager : 134 - 9: logL = -1526.7
2023-05-11 17:09 - DEBUG - TrainingManager : 113 - (k=6) EM iteration #11
2023-05-11 17:09 - DEBUG - TrainingManager : 133 - Current model parameters
pi:
[0.5 0.5]
A:
[[0.79 0.21]
 [0.13 0.87]]
chi:
[[1.78612430e-02 1.98671125e-03 4.76796310e-03 9.33581790e-03
  3.46098656e-02 7.33024974e-02 1.74318261e-01 5.83817641e-01
  1.00000000e-01]
 [3.54418733e-01 1.22739821e-01 1.20988008e-01 1.18110875e-01
  9.79885392e-02 7.36173949e-02 1.20926209e-02 4.40084281e-05
  1.00000000e-01]]

2023-05-11 17:09 - DEBUG - TrainingManager : 134 - 10: logL = -1526.0
2023-05-11 17:09 - DEBUG - TrainingManager : 113 - (k=6) EM iteration #12
2023-05-11 17:09 - DEBUG - TrainingManager : 133 - Current model parameters
pi:
[0.5 0.5]
A:
[[0.78 0.22]
 [0.13 0.87]]
chi:
[[1.71425016e-02 1.53327262e-03 3.56232053e-03 7.61835672e-03
  3.17088322e-02 7.11774660e-02 1.75435623e-01 5.91821627e-01
  1.00000000e-01]
 [3.52031812e-01 1.22003919e-01 1.20753698e-01 1.18254525e-01
  9.92431548e-02 7.49241094e-02 1.27681413e-02 2.06410675e-05
  1.00000000e-01]]

2023-05-11 17:09 - DEBUG - TrainingManager : 134 - 11: logL = -1525.5
2023-05-11 17:09 - DEBUG - TrainingManager : 113 - (k=6) EM iteration #13
2023-05-11 17:09 - DEBUG - TrainingManager : 133 - Current model parameters
pi:
[0.5 0.5]
A:
[[0.78 0.22]
 [0.13 0.87]]
chi:
[[1.65451393e-02 1.17023041e-03 2.60870468e-03 6.17478102e-03
  2.90667394e-02 6.93201335e-02 1.76186176e-01 5.98928096e-01
  1.00000000e-01]
 [3.49968223e-01 1.21351130e-01 1.20481630e-01 1.18326079e-01
  1.00351231e-01 7.60196660e-02 1.34922101e-02 9.83106192e-06
  1.00000000e-01]]

2023-05-11 17:09 - DEBUG - TrainingManager : 134 - 12: logL = -1525.1
2023-05-11 17:09 - DEBUG - TrainingManager : 113 - (k=6) EM iteration #14
2023-05-11 17:09 - DEBUG - TrainingManager : 133 - Current model parameters
pi:
[0.5 0.5]
A:
[[0.78 0.22]
 [0.13 0.87]]
chi:
[[1.60444949e-02 8.81908474e-04 1.86956178e-03 4.95803636e-03
  2.66670396e-02 6.77031650e-02 1.76643708e-01 6.05232086e-01
  1.00000000e-01]
 [3.48182492e-01 1.20771590e-01 1.20184495e-01 1.18348598e-01
  1.01332288e-01 7.69389876e-02 1.42367997e-02 4.74897021e-06
  1.00000000e-01]]

2023-05-11 17:09 - DEBUG - TrainingManager : 134 - 13: logL = -1524.7
2023-05-11 17:09 - DEBUG - TrainingManager : 113 - (k=6) EM iteration #15
2023-05-11 17:09 - DEBUG - TrainingManager : 133 - Current model parameters
pi:
[0.5 0.5]
A:
[[0.78 0.22]
 [0.13 0.87]]
chi:
[[1.56234263e-02 6.55729363e-04 1.31046301e-03 3.93627691e-03
  2.44983842e-02 6.63015736e-02 1.76867518e-01 6.10806629e-01
  1.00000000e-01]
 [3.46638300e-01 1.20257656e-01 1.19874088e-01 1.18335788e-01
  1.02200177e-01 7.77102936e-02 1.49813725e-02 2.32406691e-06
  1.00000000e-01]]

2023-05-11 17:09 - DEBUG - TrainingManager : 134 - 14: logL = -1524.4
2023-05-11 17:09 - DEBUG - TrainingManager : 113 - (k=6) EM iteration #16
2023-05-11 17:09 - DEBUG - TrainingManager : 133 - Current model parameters
pi:
[0.5 0.5]
A:
[[0.77 0.23]
 [0.13 0.87]]
chi:
[[1.52691961e-02 4.80908292e-04 8.98612614e-04 3.08585994e-03
  2.25505660e-02 6.50917360e-02 1.76907164e-01 6.15715957e-01
  1.00000000e-01]
 [3.45304819e-01 1.19802934e-01 1.19561306e-01 1.18296054e-01
  1.02965808e-01 7.83571233e-02 1.57108044e-02 1.15106588e-06
  1.00000000e-01]]

2023-05-11 17:09 - DEBUG - TrainingManager : 134 - 15: logL = -1524.2
2023-05-11 17:09 - DEBUG - TrainingManager : 113 - (k=6) EM iteration #17
2023-05-11 17:09 - DEBUG - TrainingManager : 133 - Current model parameters
pi:
[0.5 0.5]
A:
[[0.77 0.23]
 [0.13 0.87]]
chi:
[[1.49718020e-02 3.47940725e-04 6.03318508e-04 2.38700826e-03
  2.08125359e-02 6.40510082e-02 1.76804988e-01 6.20021399e-01
  1.00000000e-01]
 [3.44154863e-01 1.19401736e-01 1.19255620e-01 1.18235075e-01
  1.03638575e-01 7.88995193e-02 1.64140353e-02 5.76402110e-07
  1.00000000e-01]]

2023-05-11 17:09 - DEBUG - TrainingManager : 134 - 16: logL = -1524.0
2023-05-11 17:09 - DEBUG - TrainingManager : 113 - (k=6) EM iteration #18
2023-05-11 17:09 - DEBUG - TrainingManager : 133 - Current model parameters
pi:
[0.5 0.5]
A:
[[0.77 0.23]
 [0.13 0.87]]
chi:
[[1.47230325e-02 2.48459934e-04 3.97103996e-04 1.82141389e-03
  1.92716813e-02 6.31578519e-02 1.76597383e-01 6.23783073e-01
  1.00000000e-01]
 [3.43164117e-01 1.19048808e-01 1.18964564e-01 1.18157338e-01
  1.04227095e-01 7.93546651e-02 1.70831209e-02 2.91548113e-07
  1.00000000e-01]]

2023-05-11 17:09 - DEBUG - TrainingManager : 134 - 17: logL = -1523.8
2023-05-11 17:09 - DEBUG - TrainingManager : 113 - (k=6) EM iteration #19
2023-05-11 17:09 - DEBUG - TrainingManager : 133 - Current model parameters
pi:
[0.5 0.5]
A:
[[0.77 0.23]
 [0.13 0.87]]
chi:
[[1.45159196e-02 1.75231489e-04 2.56639277e-04 1.37123755e-03
  1.79138346e-02 6.23921969e-02 1.76315422e-01 6.27059519e-01
  1.00000000e-01]
 [3.42310868e-01 1.18739231e-01 1.18693470e-01 1.18066929e-01
  1.04739555e-01 7.97372389e-02 1.77125594e-02 1.48817294e-07
  1.00000000e-01]]

2023-05-11 17:09 - DEBUG - TrainingManager : 134 - 18: logL = -1523.7
2023-05-11 17:09 - INFO - TrainingManager : 151 -  >> Log-likelihood of converged model with k=6: -1.524e+03
2023-05-11 17:09 - INFO - TrainingManager : 71 -  >> BIC: 3.146e+03
2023-05-11 17:09 - INFO - TrainingManager : 104 - Training with k=7
2023-05-11 17:09 - DEBUG - TrainingManager : 113 - (k=7) EM iteration #1
2023-05-11 17:09 - DEBUG - TrainingManager : 133 - Current model parameters
pi:
[0.5 0.5]
A:
[[0.72 0.28]
 [0.28 0.72]]
chi:
[[0.12323448 0.04442996 0.04438131 0.05427174 0.06291889 0.07305188
  0.07714551 0.08458548 0.33598075 0.1       ]
 [0.32501699 0.0921377  0.07674848 0.07462178 0.0660139  0.05849985
  0.05185187 0.03929979 0.11580963 0.1       ]]

2023-05-11 17:09 - DEBUG - TrainingManager : 134 - 0: logL = -1802.5
2023-05-11 17:09 - DEBUG - TrainingManager : 113 - (k=7) EM iteration #2
2023-05-11 17:09 - DEBUG - TrainingManager : 133 - Current model parameters
pi:
[0.5 0.5]
A:
[[0.74 0.26]
 [0.25 0.75]]
chi:
[[0.09298631 0.03532517 0.0361352  0.04720533 0.0600915  0.07532731
  0.07952096 0.0942758  0.37913241 0.1       ]
 [0.35301579 0.1006704  0.0845638  0.08137854 0.06875806 0.05638859
  0.04972918 0.03017412 0.07532152 0.1       ]]

2023-05-11 17:09 - DEBUG - TrainingManager : 134 - 1: logL = -1660.6
2023-05-11 17:09 - DEBUG - TrainingManager : 113 - (k=7) EM iteration #3
2023-05-11 17:09 - DEBUG - TrainingManager : 133 - Current model parameters
pi:
[0.5 0.5]
A:
[[0.78 0.22]
 [0.21 0.79]]
chi:
[[0.06459866 0.02513139 0.02674698 0.03799531 0.0554523  0.07793132
  0.08201868 0.10597555 0.42414981 0.1       ]
 [0.37432759 0.10889861 0.09238302 0.08932307 0.07293524 0.05433278
  0.04799593 0.02050665 0.0392971  0.1       ]]

2023-05-11 17:09 - DEBUG - TrainingManager : 134 - 2: logL = -1639.2
2023-05-11 17:09 - DEBUG - TrainingManager : 113 - (k=7) EM iteration #4
2023-05-11 17:09 - DEBUG - TrainingManager : 133 - Current model parameters
pi:
[0.5 0.5]
A:
[[0.8  0.2 ]
 [0.17 0.83]]
chi:
[[0.0443733  0.01649128 0.01862766 0.02826526 0.048603   0.07977522
  0.0831625  0.11770284 0.46299894 0.1       ]
 [0.38260824 0.11392552 0.09750829 0.09630361 0.07842123 0.05343554
  0.04803406 0.01281749 0.01694602 0.1       ]]

2023-05-11 17:09 - DEBUG - TrainingManager : 134 - 3: logL = -1614.1
2023-05-11 17:09 - DEBUG - TrainingManager : 113 - (k=7) EM iteration #5
2023-05-11 17:09 - DEBUG - TrainingManager : 133 - Current model parameters
pi:
[0.5 0.5]
A:
[[0.82 0.18]
 [0.15 0.85]]
chi:
[[0.03293355 0.01093136 0.01316941 0.02032561 0.04024414 0.07982628
  0.0816696  0.12765607 0.49324397 0.1       ]
 [0.38097852 0.11530889 0.09941132 0.10058923 0.08429169 0.05424958
  0.05039696 0.00808157 0.00669226 0.1       ]]

2023-05-11 17:09 - DEBUG - TrainingManager : 134 - 4: logL = -1595.8
2023-05-11 17:09 - DEBUG - TrainingManager : 113 - (k=7) EM iteration #6
2023-05-11 17:09 - DEBUG - TrainingManager : 133 - Current model parameters
pi:
[0.5 0.5]
A:
[[0.82 0.18]
 [0.14 0.86]]
chi:
[[0.0268128  0.00777369 0.0096857  0.01488163 0.03187743 0.07850198
  0.07817905 0.13551948 0.51676826 0.1       ]
 [0.37567324 0.11473057 0.09960349 0.10245464 0.08943582 0.05599841
  0.05396869 0.00549165 0.00264349 0.1       ]]

2023-05-11 17:09 - DEBUG - TrainingManager : 134 - 5: logL = -1586.6
2023-05-11 17:09 - DEBUG - TrainingManager : 113 - (k=7) EM iteration #7
2023-05-11 17:09 - DEBUG - TrainingManager : 133 - Current model parameters
pi:
[0.5 0.5]
A:
[[0.81 0.19]
 [0.14 0.86]]
chi:
[[0.02325104 0.0059437  0.00728601 0.01135108 0.02458617 0.07678001
  0.07413658 0.14156448 0.53510092 0.1       ]
 [0.37029256 0.11361646 0.09929184 0.10301717 0.09341273 0.05776182
  0.05745501 0.00407378 0.00107863 0.1       ]]

2023-05-11 17:09 - DEBUG - TrainingManager : 134 - 6: logL = -1582.1
2023-05-11 17:09 - DEBUG - TrainingManager : 113 - (k=7) EM iteration #8
2023-05-11 17:09 - DEBUG - TrainingManager : 133 - Current model parameters
pi:
[0.5 0.5]
A:
[[0.81 0.19]
 [0.13 0.87]]
chi:
[[2.09393613e-02 4.79178005e-03 5.52085181e-03 9.01174427e-03
  1.86438473e-02 7.52145167e-02 7.04597155e-02 1.46163868e-01
  5.49254316e-01 1.00000000e-01]
 [3.65907029e-01 1.12558305e-01 9.89310261e-02 1.03061776e-01
  9.63590520e-02 5.91796877e-02 6.03017709e-02 3.24795778e-03
  4.53395749e-04 1.00000000e-01]]

2023-05-11 17:09 - DEBUG - TrainingManager : 134 - 7: logL = -1579.6
2023-05-11 17:09 - DEBUG - TrainingManager : 113 - (k=7) EM iteration #9
2023-05-11 17:09 - DEBUG - TrainingManager : 133 - Current model parameters
pi:
[0.5 0.5]
A:
[[0.8  0.2 ]
 [0.13 0.87]]
chi:
[[1.93074581e-02 4.00127851e-03 4.18890922e-03 7.38033676e-03
  1.38867829e-02 7.39409485e-02 6.74527528e-02 1.49676682e-01
  5.60164851e-01 1.00000000e-01]
 [3.62547371e-01 1.11697940e-01 9.86211535e-02 1.02945456e-01
  9.85604341e-02 6.02452956e-02 6.24596288e-02 2.72800349e-03
  1.94718105e-04 1.00000000e-01]]

2023-05-11 17:09 - DEBUG - TrainingManager : 134 - 8: logL = -1578.1
2023-05-11 17:09 - DEBUG - TrainingManager : 113 - (k=7) EM iteration #10
2023-05-11 17:09 - DEBUG - TrainingManager : 133 - Current model parameters
pi:
[0.5 0.5]
A:
[[0.8  0.2 ]
 [0.13 0.87]]
chi:
[[1.80866914e-02 3.42220597e-03 3.17906834e-03 6.18252862e-03
  1.00887308e-02 7.29266786e-02 6.51101870e-02 1.52385871e-01
  5.68618038e-01 1.00000000e-01]
 [3.60009870e-01 1.11030688e-01 9.83662874e-02 1.02803183e-01
  1.00234231e-01 6.10456237e-02 6.40488323e-02 2.37635723e-03
  8.49271821e-05 1.00000000e-01]]

2023-05-11 17:09 - DEBUG - TrainingManager : 134 - 9: logL = -1577.1
2023-05-11 17:09 - DEBUG - TrainingManager : 113 - (k=7) EM iteration #11
2023-05-11 17:09 - DEBUG - TrainingManager : 133 - Current model parameters
pi:
[0.5 0.5]
A:
[[0.79 0.21]
 [0.13 0.87]]
chi:
[[1.71376481e-02 2.97932354e-03 2.41357937e-03 5.26579797e-03
  7.09701626e-03 7.21076837e-02 6.33219491e-02 1.54490083e-01
  5.75186919e-01 1.00000000e-01]
 [3.58101092e-01 1.10523040e-01 9.81584558e-02 1.02682399e-01
  1.01500464e-01 6.16618431e-02 6.52108523e-02 2.12438532e-03
  3.74688086e-05 1.00000000e-01]]

2023-05-11 17:09 - DEBUG - TrainingManager : 134 - 10: logL = -1576.4
2023-05-11 17:09 - DEBUG - TrainingManager : 113 - (k=7) EM iteration #12
2023-05-11 17:09 - DEBUG - TrainingManager : 133 - Current model parameters
pi:
[0.5 0.5]
A:
[[0.79 0.21]
 [0.13 0.87]]
chi:
[[1.63820957e-02 2.63103439e-03 1.83361639e-03 4.54214587e-03
  4.81715572e-03 7.14318475e-02 6.19645021e-02 1.56125001e-01
  5.80272601e-01 1.00000000e-01]
 [3.56675919e-01 1.10143498e-01 9.79922652e-02 1.02598284e-01
  1.02423312e-01 6.21502254e-02 6.60639542e-02 1.93586632e-03
  1.66755254e-05 1.00000000e-01]]

2023-05-11 17:09 - DEBUG - TrainingManager : 134 - 11: logL = -1575.8
2023-05-11 17:09 - DEBUG - TrainingManager : 113 - (k=7) EM iteration #13
2023-05-11 17:09 - DEBUG - TrainingManager : 133 - Current model parameters
pi:
[0.5 0.5]
A:
[[0.79 0.21]
 [0.13 0.87]]
chi:
[[1.57727567e-02 2.35190438e-03 1.39443290e-03 3.95785817e-03
  3.15980538e-03 7.08659394e-02 6.09330779e-02 1.57389159e-01
  5.84175066e-01 1.00000000e-01]
 [3.55624480e-01 1.09865816e-01 9.78631876e-02 1.02552525e-01
  1.03054771e-01 6.25455115e-02 6.66957838e-02 1.79045297e-03
  7.47138252e-06 1.00000000e-01]]

2023-05-11 17:09 - DEBUG - TrainingManager : 134 - 12: logL = -1575.4
2023-05-11 17:09 - DEBUG - TrainingManager : 113 - (k=7) EM iteration #14
2023-05-11 17:09 - DEBUG - TrainingManager : 133 - Current model parameters
pi:
[0.5 0.5]
A:
[[0.79 0.21]
 [0.13 0.87]]
chi:
[[1.52783241e-02 2.12500581e-03 1.06193834e-03 3.47811073e-03
  2.01385735e-03 7.03910359e-02 6.01477658e-02 1.58361392e-01
  5.87142570e-01 1.00000000e-01]
 [3.54857890e-01 1.09667295e-01 9.77655220e-02 1.02540047e-01
  1.03454011e-01 6.28682627e-02 6.71677316e-02 1.67587649e-03
  3.36486654e-06 1.00000000e-01]]

2023-05-11 17:09 - DEBUG - TrainingManager : 134 - 13: logL = -1575.2
2023-05-11 17:09 - DEBUG - TrainingManager : 113 - (k=7) EM iteration #15
2023-05-11 17:09 - DEBUG - TrainingManager : 133 - Current model parameters
pi:
[0.5 0.5]
A:
[[0.78 0.22]
 [0.13 0.87]]
chi:
[[1.48758462e-02 1.93834910e-03 8.10085377e-04 3.07900760e-03
  1.25562922e-03 6.99954104e-02 5.95494559e-02 1.59107789e-01
  5.89388428e-01 1.00000000e-01]
 [3.54302860e-01 1.09528243e-01 9.76925972e-02 1.02552878e-01
  1.03683984e-01 6.31315099e-02 6.75222493e-02 1.58415722e-03
  1.52145990e-06 1.00000000e-01]]

2023-05-11 17:09 - DEBUG - TrainingManager : 134 - 14: logL = -1575.0
2023-05-11 17:09 - DEBUG - TrainingManager : 113 - (k=7) EM iteration #16
2023-05-11 17:09 - DEBUG - TrainingManager : 133 - Current model parameters
pi:
[0.5 0.5]
A:
[[0.78 0.22]
 [0.14 0.86]]
chi:
[[1.45472347e-02 1.78311205e-03 6.19034244e-04 2.74337492e-03
  7.70745279e-04 6.96693377e-02 5.90939033e-02 1.59682812e-01
  5.91090446e-01 1.00000000e-01]
 [3.53901023e-01 1.09432407e-01 9.76379514e-02 1.02582887e-01
  1.03800884e-01 6.33450721e-02 6.77893250e-02 1.50976061e-03
  6.90037676e-07 1.00000000e-01]]

2023-05-11 17:09 - DEBUG - TrainingManager : 134 - 15: logL = -1574.8
2023-05-11 17:09 - INFO - TrainingManager : 151 -  >> Log-likelihood of converged model with k=7: -1.575e+03
2023-05-11 17:09 - INFO - TrainingManager : 71 -  >> BIC: 3.261e+03
2023-05-11 17:09 - INFO - TrainingManager : 75 - Optimal k=6
2023-05-11 17:09 - INFO - cli : 125 - Training phase done in 00:00:05
2023-05-11 17:09 - INFO - cli : 137 - Initiating scoring phase
2023-05-11 17:09 - INFO - cli : 140 - Scoring set summary: 
       Passed QC                  1
       Used transcripts           1
       # Data points              698
       # Motifs                   96
2023-05-11 17:09 - INFO - ScoringManager : 77 - Sampling null sites for c-score normalization
2023-05-11 17:09 - INFO - ScoringManager : 112 -  ... done in 00:00:02
2023-05-11 17:09 - INFO - ScoringManager : 124 - Executing scoring
2023-05-11 17:09 - INFO - ScoringManager : 176 -  ... done in 00:00:00
2023-05-11 17:09 - INFO - cli : 153 - Scoring phase done in 00:00:02
2023-05-11 17:09 - INFO - cli : 155 - Process done in 00:00:08
2023-05-11 17:09 - INFO - cli : 156 - Output written to  -> modmodel
